0 info it worked if it ends with ok
1 verbose cli [ 'node', '/usr/local/bin/npm', 'install', '-g', 'i', 'os-sim' ]
2 info using npm@2.11.3
3 info using node@v0.12.7
4 verbose install initial load of /usr/local/lib/package.json
5 verbose readDependencies loading dependencies from /usr/local/lib/package.json
6 silly cache add args [ 'i', null ]
7 verbose cache add spec i
8 silly cache add args [ 'os-sim', null ]
9 verbose cache add spec os-sim
10 silly cache add parsed spec { raw: 'i',
10 silly cache add   scope: null,
10 silly cache add   name: 'i',
10 silly cache add   rawSpec: '',
10 silly cache add   spec: '*',
10 silly cache add   type: 'range' }
11 silly addNamed i@*
12 verbose addNamed "*" is a valid semver range for i
13 silly addNameRange { name: 'i', range: '*', hasData: false }
14 silly mapToRegistry name i
15 silly mapToRegistry using default registry
16 silly mapToRegistry registry https://registry.npmjs.org/
17 silly mapToRegistry uri https://registry.npmjs.org/i
18 verbose addNameRange registry:https://registry.npmjs.org/i not in flight; fetching
19 silly cache add parsed spec { raw: 'os-sim',
19 silly cache add   scope: null,
19 silly cache add   name: 'os-sim',
19 silly cache add   rawSpec: '',
19 silly cache add   spec: '*',
19 silly cache add   type: 'range' }
20 silly addNamed os-sim@*
21 verbose addNamed "*" is a valid semver range for os-sim
22 silly addNameRange { name: 'os-sim', range: '*', hasData: false }
23 silly mapToRegistry name os-sim
24 silly mapToRegistry using default registry
25 silly mapToRegistry registry https://registry.npmjs.org/
26 silly mapToRegistry uri https://registry.npmjs.org/os-sim
27 verbose addNameRange registry:https://registry.npmjs.org/os-sim not in flight; fetching
28 verbose request uri https://registry.npmjs.org/i
29 verbose request no auth needed
30 info attempt registry request try #1 at 8:00:23 AM
31 verbose request id d2a6afa0b428c48e
32 http request GET https://registry.npmjs.org/i
33 verbose request uri https://registry.npmjs.org/os-sim
34 verbose request no auth needed
35 info attempt registry request try #1 at 8:00:23 AM
36 http request GET https://registry.npmjs.org/os-sim
37 http 200 https://registry.npmjs.org/i
38 silly get cb [ 200,
38 silly get   { server: 'CouchDB/1.5.0 (Erlang OTP/R16B03)',
38 silly get     etag: '"DDKTFE3V49ODVQ63ULW1XY27C"',
38 silly get     'content-type': 'application/json',
38 silly get     'cache-control': 'max-age=300',
38 silly get     'content-length': '11509',
38 silly get     'accept-ranges': 'bytes',
38 silly get     date: 'Thu, 04 Feb 2016 15:00:23 GMT',
38 silly get     via: '1.1 varnish',
38 silly get     age: '60',
38 silly get     connection: 'keep-alive',
38 silly get     'x-served-by': 'cache-sjc3121-SJC',
38 silly get     'x-cache': 'HIT',
38 silly get     'x-cache-hits': '1',
38 silly get     'x-timer': 'S1454598023.697475,VS0,VE0',
38 silly get     vary: 'Accept' } ]
39 verbose get saving i to /Users/wesleyyoung1/.npm/registry.npmjs.org/i/.cache.json
40 silly addNameRange number 2 { name: 'i', range: '*', hasData: true }
41 silly addNameRange versions [ 'i', [ '0.2.0', '0.3.0', '0.3.1', '0.3.3', '0.3.4' ] ]
42 silly addNamed i@0.3.4
43 verbose addNamed "0.3.4" is a plain semver version for i
44 silly mapToRegistry name i
45 silly mapToRegistry using default registry
46 silly mapToRegistry registry https://registry.npmjs.org/
47 silly mapToRegistry uri https://registry.npmjs.org/i
48 verbose addRemoteTarball https://registry.npmjs.org/i/-/i-0.3.4.tgz not in flight; adding
49 verbose addRemoteTarball [ 'https://registry.npmjs.org/i/-/i-0.3.4.tgz',
49 verbose addRemoteTarball   'e1918d417b363a544e0e4a9b83c36dce1f85c91d' ]
50 info retry fetch attempt 1 at 8:00:23 AM
51 info attempt registry request try #1 at 8:00:23 AM
52 http fetch GET https://registry.npmjs.org/i/-/i-0.3.4.tgz
53 http 404 https://registry.npmjs.org/os-sim
54 verbose headers { 'content-type': 'application/json',
54 verbose headers   'cache-control': 'max-age=0',
54 verbose headers   'content-length': '2',
54 verbose headers   'accept-ranges': 'bytes',
54 verbose headers   date: 'Thu, 04 Feb 2016 15:00:23 GMT',
54 verbose headers   via: '1.1 varnish',
54 verbose headers   age: '0',
54 verbose headers   connection: 'keep-alive',
54 verbose headers   'x-served-by': 'cache-sjc3122-SJC',
54 verbose headers   'x-cache': 'MISS',
54 verbose headers   'x-cache-hits': '0',
54 verbose headers   'x-timer': 'S1454598023.697646,VS0,VE92' }
55 silly get cb [ 404,
55 silly get   { 'content-type': 'application/json',
55 silly get     'cache-control': 'max-age=0',
55 silly get     'content-length': '2',
55 silly get     'accept-ranges': 'bytes',
55 silly get     date: 'Thu, 04 Feb 2016 15:00:23 GMT',
55 silly get     via: '1.1 varnish',
55 silly get     age: '0',
55 silly get     connection: 'keep-alive',
55 silly get     'x-served-by': 'cache-sjc3122-SJC',
55 silly get     'x-cache': 'MISS',
55 silly get     'x-cache-hits': '0',
55 silly get     'x-timer': 'S1454598023.697646,VS0,VE92' } ]
56 http fetch 200 https://registry.npmjs.org/i/-/i-0.3.4.tgz
57 silly fetchAndShaCheck shasum e1918d417b363a544e0e4a9b83c36dce1f85c91d
58 verbose addTmpTarball /var/folders/1g/70gl82ks55s6h39b4qy_hpkm0000gp/T/npm-2133-a8808b29/registry.npmjs.org/i/-/i-0.3.4.tgz not in flight; adding
59 verbose addTmpTarball already have metadata; skipping unpack for i@0.3.4
60 silly cache afterAdd i@0.3.4
61 verbose afterAdd /Users/wesleyyoung1/.npm/i/0.3.4/package/package.json not in flight; writing
62 verbose afterAdd /Users/wesleyyoung1/.npm/i/0.3.4/package/package.json written
63 verbose stack Error: Registry returned 404 for GET on https://registry.npmjs.org/os-sim
63 verbose stack     at CachingRegistryClient.<anonymous> (/usr/local/lib/node_modules/npm/node_modules/npm-registry-client/lib/request.js:239:14)
63 verbose stack     at Request._callback (/usr/local/lib/node_modules/npm/node_modules/npm-registry-client/lib/request.js:170:14)
63 verbose stack     at Request.self.callback (/usr/local/lib/node_modules/npm/node_modules/request/request.js:354:22)
63 verbose stack     at Request.emit (events.js:110:17)
63 verbose stack     at Request.<anonymous> (/usr/local/lib/node_modules/npm/node_modules/request/request.js:1207:14)
63 verbose stack     at Request.emit (events.js:129:20)
63 verbose stack     at IncomingMessage.<anonymous> (/usr/local/lib/node_modules/npm/node_modules/request/request.js:1153:12)
63 verbose stack     at IncomingMessage.emit (events.js:129:20)
63 verbose stack     at _stream_readable.js:908:16
63 verbose stack     at process._tickCallback (node.js:355:11)
64 verbose statusCode 404
65 verbose pkgid os-sim
66 verbose cwd /Users/wesleyyoung1/Sites/TeachingMaterials/myApp
67 error Darwin 14.1.0
68 error argv "node" "/usr/local/bin/npm" "install" "-g" "i" "os-sim"
69 error node v0.12.7
70 error npm  v2.11.3
71 error code E404
72 error 404 Registry returned 404 for GET on https://registry.npmjs.org/os-sim
72 error 404
72 error 404 'os-sim' is not in the npm registry.
72 error 404 You should bug the author to publish it (or use the name yourself!)
72 error 404
72 error 404 Note that you can also install from a
72 error 404 tarball, folder, http url, or git url.
73 verbose exit [ 1, true ]
